<?xml version="1.0" encoding="UTF-8"?>
<!-- Generated by org.testng.reporters.JUnitXMLReporter -->
<testsuite hostname="DESKTOP-E5DK8JO" ignored="0" name="Default test" tests="4" failures="0" timestamp="19 Jul 2017 12:55:51 GMT" time="11.555" errors="0">
  <testcase name="testNavigationBack" time="3.0" classname="Dmitry.SeleniumTest"/>
  <testcase name="testParameterWithXML" time="0.413" classname="Dmitry.SeleniumTest"/>
  <testcase name="testRegisteredPageIsOpened" time="1.184" classname="Dmitry.SeleniumTest"/>
  <testcase name="testUserCanBeRegistered" time="2.625" classname="Dmitry.SeleniumTest"/>
</testsuite> <!-- Default test -->
